2020-05-05 17:59:41,276 DEBUG [health_checker.client.database.mysql:17] execute sql : show variables like 'log_bin'
2020-05-05 17:59:41,302 DEBUG [health_checker.client.database.mysql:17] execute sql : show variables like 'binlog_format'
2020-05-05 17:59:41,334 DEBUG [health_checker.client.database.mysql:17] execute sql : show variables like 'sync_binlog'
2020-05-05 17:59:41,338 DEBUG [health_checker.client.database.mysql:17] execute sql : show variables like 'expire_logs_days'
2020-05-05 17:59:41,341 DEBUG [health_checker.client.database.mysql:17] execute sql : show variables like 'datadir'
2020-05-05 17:59:41,344 DEBUG [health_checker.client.database.mysql:17] execute sql : show master logs
2020-05-05 17:59:41,345 INFO  [health_checker.client.client:26] do action CheckBinaryLogs successful
2020-05-05 18:01:43,624 INFO  [health_checker.server.worker.generic_worker:19] begin to health check: CheckBinaryLogs
2020-05-05 18:01:43,624 INFO  [health_checker.server.worker.generic_worker:19] begin to health check: CheckRedoLog
2020-05-05 18:01:43,625 INFO  [health_checker.server.worker.generic_worker:19] begin to health check: CheckConnections
2020-05-05 18:01:43,628 DEBUG [health_checker.client.database.mysql:17] execute sql : show variables like 'log_bin'
2020-05-05 18:01:43,628 DEBUG [health_checker.client.database.mysql:17] execute sql : show variables like 'max_connections'
2020-05-05 18:01:43,630 DEBUG [health_checker.client.database.mysql:17] execute sql : show variables like 'innodb_log_file_size'
2020-05-05 18:01:43,637 DEBUG [health_checker.client.database.mysql:17] execute sql : show variables like 'binlog_format'
2020-05-05 18:01:43,638 DEBUG [health_checker.client.database.mysql:17] execute sql : show variables like 'innodb_buffer_pool_size'
2020-05-05 18:01:43,640 DEBUG [health_checker.client.database.mysql:17] execute sql : show variables like 'innodb_flush_log_at_trx_commit'
2020-05-05 18:01:43,650 DEBUG [health_checker.client.database.mysql:17] execute sql : show variables like 'sync_binlog'
2020-05-05 18:01:43,651 DEBUG [health_checker.client.database.mysql:17] execute sql : show variables like 'innodb_flush_method'
2020-05-05 18:01:43,651 INFO  [health_checker.client.client:26] do action CheckConnections successful
2020-05-05 18:01:43,653 INFO  [health_checker.server.worker.generic_worker:23] fnished for health check : CheckConnections in 0.0280001163483
2020-05-05 18:01:43,660 DEBUG [health_checker.client.database.mysql:17] execute sql : show variables like 'expire_logs_days'
2020-05-05 18:01:43,661 DEBUG [health_checker.client.database.mysql:17] execute sql : show variables like 'datadir'
2020-05-05 18:01:43,667 DEBUG [health_checker.client.database.mysql:17] execute sql : show variables like 'datadir'
2020-05-05 18:01:43,667 INFO  [health_checker.client.client:26] do action CheckRedoLog successful
2020-05-05 18:01:43,667 INFO  [health_checker.server.worker.generic_worker:31] failed to health check: CheckRedoLog, failed reason : 'unicode' object is not callable
2020-05-05 18:01:43,674 DEBUG [health_checker.client.database.mysql:17] execute sql : show master logs
2020-05-05 18:01:43,676 INFO  [health_checker.client.client:26] do action CheckBinaryLogs successful
2020-05-05 18:01:43,677 INFO  [health_checker.server.worker.generic_worker:23] fnished for health check : CheckBinaryLogs in 0.0529999732971
2020-05-05 18:01:43,686 INFO  [health_checker.server.worker.generic_worker:19] begin to health check: CheckSafeReplication
2020-05-05 18:01:43,697 DEBUG [health_checker.client.database.mysql:17] execute sql : show slave status
2020-05-05 18:01:43,700 DEBUG [health_checker.client.database.mysql:17] execute sql : show slave status
2020-05-05 18:01:43,700 INFO  [health_checker.client.client:26] do action CheckSafeReplication successful
2020-05-05 18:01:43,700 INFO  [health_checker.server.worker.generic_worker:23] fnished for health check : CheckSafeReplication in 0.0149998664856
2020-05-05 18:03:01,913 INFO  [health_checker.server.worker.generic_worker:19] begin to health check: CheckBinaryLogs
2020-05-05 18:03:01,914 INFO  [health_checker.server.worker.generic_worker:19] begin to health check: CheckRedoLog
2020-05-05 18:03:01,914 INFO  [health_checker.server.worker.generic_worker:19] begin to health check: CheckConnections
2020-05-05 18:03:01,915 INFO  [health_checker.server.worker.generic_worker:19] begin to health check: CheckSafeReplication
2020-05-05 18:03:01,917 DEBUG [health_checker.client.database.mysql:17] execute sql : show variables like 'log_bin'
2020-05-05 18:03:01,918 DEBUG [health_checker.client.database.mysql:17] execute sql : show slave status
2020-05-05 18:03:01,918 DEBUG [health_checker.client.database.mysql:17] execute sql : show variables like 'innodb_log_file_size'
2020-05-05 18:03:01,918 DEBUG [health_checker.client.database.mysql:17] execute sql : show variables like 'max_connections'
2020-05-05 18:03:01,921 DEBUG [health_checker.client.database.mysql:17] execute sql : show slave status
2020-05-05 18:03:01,924 INFO  [health_checker.client.client:26] do action CheckSafeReplication successful
2020-05-05 18:03:01,924 INFO  [health_checker.server.worker.generic_worker:23] fnished for health check : CheckSafeReplication in 0.00800013542175
2020-05-05 18:03:01,924 DEBUG [health_checker.client.database.mysql:17] execute sql : show variables like 'binlog_format'
2020-05-05 18:03:01,924 DEBUG [health_checker.client.database.mysql:17] execute sql : show variables like 'innodb_flush_log_at_trx_commit'
2020-05-05 18:03:01,928 DEBUG [health_checker.client.database.mysql:17] execute sql : show variables like 'innodb_buffer_pool_size'
2020-05-05 18:03:01,930 DEBUG [health_checker.client.database.mysql:17] execute sql : show variables like 'sync_binlog'
2020-05-05 18:03:01,930 DEBUG [health_checker.client.database.mysql:17] execute sql : show variables like 'innodb_flush_method'
2020-05-05 18:03:01,934 INFO  [health_checker.client.client:26] do action CheckConnections successful
2020-05-05 18:03:01,934 INFO  [health_checker.server.worker.generic_worker:23] fnished for health check : CheckConnections in 0.0199999809265
2020-05-05 18:03:01,934 DEBUG [health_checker.client.database.mysql:17] execute sql : show variables like 'expire_logs_days'
2020-05-05 18:03:01,936 DEBUG [health_checker.client.database.mysql:17] execute sql : show variables like 'datadir'
2020-05-05 18:03:01,940 DEBUG [health_checker.client.database.mysql:17] execute sql : show variables like 'datadir'
2020-05-05 18:03:01,940 INFO  [health_checker.client.client:26] do action CheckRedoLog successful
2020-05-05 18:03:01,940 INFO  [health_checker.server.worker.generic_worker:31] failed to health check: CheckRedoLog, failed reason : 'unicode' object is not callable
2020-05-05 18:03:01,944 DEBUG [health_checker.client.database.mysql:17] execute sql : show master logs
2020-05-05 18:03:01,946 INFO  [health_checker.client.client:26] do action CheckBinaryLogs successful
2020-05-05 18:03:01,946 INFO  [health_checker.server.worker.generic_worker:23] fnished for health check : CheckBinaryLogs in 0.0329999923706
2020-05-05 18:03:37,921 INFO  [health_checker.server.worker.generic_worker:19] begin to health check: CheckBinaryLogs
2020-05-05 18:03:37,921 INFO  [health_checker.server.worker.generic_worker:19] begin to health check: CheckRedoLog
2020-05-05 18:03:37,924 INFO  [health_checker.server.worker.generic_worker:19] begin to health check: CheckConnections
2020-05-05 18:03:37,926 INFO  [health_checker.server.worker.generic_worker:19] begin to health check: CheckSafeReplication
2020-05-05 18:03:37,927 DEBUG [health_checker.client.database.mysql:17] execute sql : show variables like 'innodb_log_file_size'
2020-05-05 18:03:37,927 DEBUG [health_checker.client.database.mysql:17] execute sql : show variables like 'log_bin'
2020-05-05 18:03:37,927 DEBUG [health_checker.client.database.mysql:17] execute sql : show slave status
2020-05-05 18:03:37,927 DEBUG [health_checker.client.database.mysql:17] execute sql : show variables like 'max_connections'
2020-05-05 18:03:37,928 DEBUG [health_checker.client.database.mysql:17] execute sql : show slave status
2020-05-05 18:03:37,930 INFO  [health_checker.client.client:26] do action CheckSafeReplication successful
2020-05-05 18:03:37,930 INFO  [health_checker.server.worker.generic_worker:23] fnished for health check : CheckSafeReplication in 0.00399994850159
2020-05-05 18:03:37,933 DEBUG [health_checker.client.database.mysql:17] execute sql : show variables like 'binlog_format'
2020-05-05 18:03:37,933 DEBUG [health_checker.client.database.mysql:17] execute sql : show variables like 'innodb_flush_log_at_trx_commit'
2020-05-05 18:03:37,934 DEBUG [health_checker.client.database.mysql:17] execute sql : show variables like 'innodb_buffer_pool_size'
2020-05-05 18:03:37,937 DEBUG [health_checker.client.database.mysql:17] execute sql : show variables like 'innodb_flush_method'
2020-05-05 18:03:37,947 DEBUG [health_checker.client.database.mysql:17] execute sql : show variables like 'sync_binlog'
2020-05-05 18:03:37,947 INFO  [health_checker.client.client:26] do action CheckConnections successful
2020-05-05 18:03:37,947 INFO  [health_checker.server.worker.generic_worker:23] fnished for health check : CheckConnections in 0.0230000019073
2020-05-05 18:03:37,947 DEBUG [health_checker.client.database.mysql:17] execute sql : show variables like 'datadir'
2020-05-05 18:03:37,951 DEBUG [health_checker.client.database.mysql:17] execute sql : show variables like 'expire_logs_days'
2020-05-05 18:03:37,953 INFO  [health_checker.client.client:26] do action CheckRedoLog successful
2020-05-05 18:03:37,953 INFO  [health_checker.server.worker.generic_worker:31] failed to health check: CheckRedoLog, failed reason : 'unicode' object is not callable
2020-05-05 18:03:37,956 DEBUG [health_checker.client.database.mysql:17] execute sql : show variables like 'datadir'
2020-05-05 18:03:37,960 DEBUG [health_checker.client.database.mysql:17] execute sql : show master logs
2020-05-05 18:03:37,960 INFO  [health_checker.client.client:26] do action CheckBinaryLogs successful
2020-05-05 18:03:37,960 INFO  [health_checker.server.worker.generic_worker:23] fnished for health check : CheckBinaryLogs in 0.0380001068115
2020-05-05 18:03:42,677 INFO  [health_checker.server.worker.generic_worker:19] begin to health check: CheckBinaryLogs
2020-05-05 18:03:42,677 DEBUG [health_checker.client.database.mysql:17] execute sql : show variables like 'log_bin'
2020-05-05 18:03:42,677 INFO  [health_checker.server.worker.generic_worker:19] begin to health check: CheckRedoLog
2020-05-05 18:03:42,678 DEBUG [health_checker.client.database.mysql:17] execute sql : show variables like 'innodb_log_file_size'
2020-05-05 18:03:42,680 INFO  [health_checker.server.worker.generic_worker:19] begin to health check: CheckConnections
2020-05-05 18:03:42,680 DEBUG [health_checker.client.database.mysql:17] execute sql : show variables like 'max_connections'
2020-05-05 18:03:42,684 DEBUG [health_checker.client.database.mysql:17] execute sql : show variables like 'binlog_format'
2020-05-05 18:03:42,684 INFO  [health_checker.server.worker.generic_worker:19] begin to health check: CheckSafeReplication
2020-05-05 18:03:42,684 DEBUG [health_checker.client.database.mysql:17] execute sql : show slave status
2020-05-05 18:03:42,687 DEBUG [health_checker.client.database.mysql:17] execute sql : show variables like 'innodb_buffer_pool_size'
2020-05-05 18:03:42,687 DEBUG [health_checker.client.database.mysql:17] execute sql : show variables like 'innodb_flush_log_at_trx_commit'
2020-05-05 18:03:42,687 DEBUG [health_checker.client.database.mysql:17] execute sql : show slave status
2020-05-05 18:03:42,696 DEBUG [health_checker.client.database.mysql:17] execute sql : show variables like 'sync_binlog'
2020-05-05 18:03:42,697 INFO  [health_checker.client.client:26] do action CheckConnections successful
2020-05-05 18:03:42,697 INFO  [health_checker.server.worker.generic_worker:23] fnished for health check : CheckConnections in 0.0179998874664
2020-05-05 18:03:42,697 DEBUG [health_checker.client.database.mysql:17] execute sql : show variables like 'innodb_flush_method'
2020-05-05 18:03:42,700 DEBUG [health_checker.client.database.mysql:17] execute sql : show variables like 'expire_logs_days'
2020-05-05 18:03:42,700 INFO  [health_checker.client.client:26] do action CheckSafeReplication successful
2020-05-05 18:03:42,701 INFO  [health_checker.server.worker.generic_worker:23] fnished for health check : CheckSafeReplication in 0.0179998874664
2020-05-05 18:03:42,703 DEBUG [health_checker.client.database.mysql:17] execute sql : show variables like 'datadir'
2020-05-05 18:03:42,706 DEBUG [health_checker.client.database.mysql:17] execute sql : show variables like 'datadir'
2020-05-05 18:03:42,709 INFO  [health_checker.client.client:26] do action CheckRedoLog successful
2020-05-05 18:03:42,709 INFO  [health_checker.server.worker.generic_worker:31] failed to health check: CheckRedoLog, failed reason : 'unicode' object is not callable
2020-05-05 18:03:42,711 DEBUG [health_checker.client.database.mysql:17] execute sql : show master logs
2020-05-05 18:03:42,711 INFO  [health_checker.client.client:26] do action CheckBinaryLogs successful
2020-05-05 18:03:42,711 INFO  [health_checker.server.worker.generic_worker:23] fnished for health check : CheckBinaryLogs in 0.0349998474121
2020-05-05 18:04:08,607 INFO  [health_checker.server.worker.generic_worker:19] begin to health check: CheckBinaryLogs
2020-05-05 18:04:08,608 INFO  [health_checker.server.worker.generic_worker:19] begin to health check: CheckRedoLog
2020-05-05 18:04:08,608 INFO  [health_checker.server.worker.generic_worker:19] begin to health check: CheckConnections
2020-05-05 18:04:08,609 INFO  [health_checker.server.worker.generic_worker:19] begin to health check: CheckSafeReplication
2020-05-05 18:04:08,614 DEBUG [health_checker.client.database.mysql:17] execute sql : show variables like 'log_bin'
2020-05-05 18:04:08,614 DEBUG [health_checker.client.database.mysql:17] execute sql : show slave status
2020-05-05 18:04:08,614 DEBUG [health_checker.client.database.mysql:17] execute sql : show variables like 'innodb_log_file_size'
2020-05-05 18:04:08,617 DEBUG [health_checker.client.database.mysql:17] execute sql : show slave status
2020-05-05 18:04:08,617 DEBUG [health_checker.client.database.mysql:17] execute sql : show variables like 'max_connections'
2020-05-05 18:04:08,618 INFO  [health_checker.client.client:26] do action CheckSafeReplication successful
2020-05-05 18:04:08,618 INFO  [health_checker.server.worker.generic_worker:23] fnished for health check : CheckSafeReplication in 0.00999999046326
2020-05-05 18:04:08,619 DEBUG [health_checker.client.database.mysql:17] execute sql : show variables like 'binlog_format'
2020-05-05 18:04:08,621 DEBUG [health_checker.client.database.mysql:17] execute sql : show variables like 'innodb_flush_log_at_trx_commit'
2020-05-05 18:04:08,624 DEBUG [health_checker.client.database.mysql:17] execute sql : show variables like 'innodb_buffer_pool_size'
2020-05-05 18:04:08,624 DEBUG [health_checker.client.database.mysql:17] execute sql : show variables like 'sync_binlog'
2020-05-05 18:04:08,627 DEBUG [health_checker.client.database.mysql:17] execute sql : show variables like 'innodb_flush_method'
2020-05-05 18:04:08,628 INFO  [health_checker.client.client:26] do action CheckConnections successful
2020-05-05 18:04:08,628 INFO  [health_checker.server.worker.generic_worker:23] fnished for health check : CheckConnections in 0.0190000534058
2020-05-05 18:04:08,694 DEBUG [health_checker.client.database.mysql:17] execute sql : show variables like 'expire_logs_days'
2020-05-05 18:04:08,697 DEBUG [health_checker.client.database.mysql:17] execute sql : show variables like 'datadir'
2020-05-05 18:04:08,698 DEBUG [health_checker.client.database.mysql:17] execute sql : show variables like 'datadir'
2020-05-05 18:04:08,701 INFO  [health_checker.client.client:26] do action CheckRedoLog successful
2020-05-05 18:04:08,701 INFO  [health_checker.server.worker.generic_worker:31] failed to health check: CheckRedoLog, failed reason : 'unicode' object is not callable
2020-05-05 18:04:08,703 DEBUG [health_checker.client.database.mysql:17] execute sql : show master logs
2020-05-05 18:04:08,704 INFO  [health_checker.client.client:26] do action CheckBinaryLogs successful
2020-05-05 18:04:08,704 INFO  [health_checker.server.worker.generic_worker:23] fnished for health check : CheckBinaryLogs in 0.0979998111725
2020-05-05 18:04:39,973 INFO  [health_checker.server.worker.generic_worker:19] begin to health check: CheckBinaryLogs
2020-05-05 18:04:39,973 INFO  [health_checker.server.worker.generic_worker:19] begin to health check: CheckRedoLog
2020-05-05 18:04:39,974 INFO  [health_checker.server.worker.generic_worker:19] begin to health check: CheckConnections
2020-05-05 18:04:39,974 INFO  [health_checker.server.worker.generic_worker:19] begin to health check: CheckSafeReplication
2020-05-05 18:04:39,976 DEBUG [health_checker.client.database.mysql:17] execute sql : show variables like 'log_bin'
2020-05-05 18:04:39,977 DEBUG [health_checker.client.database.mysql:17] execute sql : show slave status
2020-05-05 18:04:39,977 DEBUG [health_checker.client.database.mysql:17] execute sql : show variables like 'innodb_log_file_size'
2020-05-05 18:04:39,977 DEBUG [health_checker.client.database.mysql:17] execute sql : show variables like 'max_connections'
2020-05-05 18:04:39,980 DEBUG [health_checker.client.database.mysql:17] execute sql : show slave status
2020-05-05 18:04:39,983 DEBUG [health_checker.client.database.mysql:17] execute sql : show variables like 'binlog_format'
2020-05-05 18:04:39,983 DEBUG [health_checker.client.database.mysql:17] execute sql : show variables like 'innodb_buffer_pool_size'
2020-05-05 18:04:39,983 INFO  [health_checker.client.client:25] do action CheckSafeReplication successful
2020-05-05 18:04:39,983 INFO  [health_checker.server.worker.generic_worker:23] fnished for health check : CheckSafeReplication in 0.0090000629425
2020-05-05 18:04:39,986 DEBUG [health_checker.client.database.mysql:17] execute sql : show variables like 'sync_binlog'
2020-05-05 18:04:39,987 INFO  [health_checker.client.client:25] do action CheckConnections successful
2020-05-05 18:04:39,987 INFO  [health_checker.server.worker.generic_worker:23] fnished for health check : CheckConnections in 0.0130000114441
2020-05-05 18:04:39,990 DEBUG [health_checker.client.database.mysql:17] execute sql : show variables like 'innodb_flush_log_at_trx_commit'
2020-05-05 18:04:39,990 DEBUG [health_checker.client.database.mysql:17] execute sql : show variables like 'expire_logs_days'
2020-05-05 18:04:39,993 DEBUG [health_checker.client.database.mysql:17] execute sql : show variables like 'innodb_flush_method'
2020-05-05 18:04:39,993 DEBUG [health_checker.client.database.mysql:17] execute sql : show variables like 'datadir'
2020-05-05 18:04:39,996 DEBUG [health_checker.client.database.mysql:17] execute sql : show variables like 'datadir'
2020-05-05 18:04:39,996 DEBUG [health_checker.client.database.mysql:17] execute sql : show master logs
2020-05-05 18:04:39,997 INFO  [health_checker.client.client:25] do action CheckBinaryLogs successful
2020-05-05 18:04:39,997 INFO  [health_checker.server.worker.generic_worker:23] fnished for health check : CheckBinaryLogs in 0.0249998569489
2020-05-05 18:04:40,000 INFO  [health_checker.client.client:25] do action CheckRedoLog successful
2020-05-05 18:04:40,000 INFO  [health_checker.server.worker.generic_worker:31] failed to health check: CheckRedoLog, failed reason : 'unicode' object is not callable
2020-05-05 18:04:57,198 INFO  [health_checker.server.worker.generic_worker:19] begin to health check: CheckBinaryLogs
2020-05-05 18:04:57,200 INFO  [health_checker.server.worker.generic_worker:19] begin to health check: CheckRedoLog
2020-05-05 18:04:57,200 INFO  [health_checker.server.worker.generic_worker:19] begin to health check: CheckConnections
2020-05-05 18:04:57,200 INFO  [health_checker.server.worker.generic_worker:19] begin to health check: CheckSafeReplication
2020-05-05 18:04:57,203 DEBUG [health_checker.client.database.mysql:17] execute sql : show variables like 'log_bin'
2020-05-05 18:04:57,203 DEBUG [health_checker.client.database.mysql:17] execute sql : show slave status
2020-05-05 18:04:57,204 DEBUG [health_checker.client.database.mysql:17] execute sql : show variables like 'innodb_log_file_size'
2020-05-05 18:04:57,204 DEBUG [health_checker.client.database.mysql:17] execute sql : show variables like 'max_connections'
2020-05-05 18:04:57,207 DEBUG [health_checker.client.database.mysql:17] execute sql : show slave status
2020-05-05 18:04:57,210 DEBUG [health_checker.client.database.mysql:17] execute sql : show variables like 'binlog_format'
2020-05-05 18:04:57,210 DEBUG [health_checker.client.database.mysql:17] execute sql : show variables like 'innodb_flush_log_at_trx_commit'
2020-05-05 18:04:57,210 INFO  [health_checker.client.client:25] do action CheckSafeReplication successful
2020-05-05 18:04:57,210 DEBUG [health_checker.client.database.mysql:17] execute sql : show variables like 'innodb_buffer_pool_size'
2020-05-05 18:04:57,210 INFO  [health_checker.server.worker.generic_worker:23] fnished for health check : CheckSafeReplication in 0.00999999046326
2020-05-05 18:04:57,213 DEBUG [health_checker.client.database.mysql:17] execute sql : show variables like 'sync_binlog'
2020-05-05 18:04:57,216 DEBUG [health_checker.client.database.mysql:17] execute sql : show variables like 'innodb_flush_method'
2020-05-05 18:04:57,217 INFO  [health_checker.client.client:25] do action CheckConnections successful
2020-05-05 18:04:57,217 INFO  [health_checker.server.worker.generic_worker:23] fnished for health check : CheckConnections in 0.0169999599457
2020-05-05 18:04:57,219 DEBUG [health_checker.client.database.mysql:17] execute sql : show variables like 'expire_logs_days'
2020-05-05 18:04:57,220 DEBUG [health_checker.client.database.mysql:17] execute sql : show variables like 'datadir'
2020-05-05 18:04:57,223 DEBUG [health_checker.client.database.mysql:17] execute sql : show variables like 'datadir'
2020-05-05 18:04:57,226 INFO  [health_checker.client.client:25] do action CheckRedoLog successful
2020-05-05 18:04:57,226 INFO  [health_checker.server.worker.generic_worker:31] failed to health check: CheckRedoLog, failed reason : 'unicode' object is not callable
2020-05-05 18:04:57,227 DEBUG [health_checker.client.database.mysql:17] execute sql : show master logs
2020-05-05 18:04:57,227 INFO  [health_checker.client.client:25] do action CheckBinaryLogs successful
2020-05-05 18:04:57,229 INFO  [health_checker.server.worker.generic_worker:23] fnished for health check : CheckBinaryLogs in 0.0300002098083
2020-05-05 18:05:40,299 INFO  [health_checker.server.worker.generic_worker:19] begin to health check: CheckBinaryLogs
2020-05-05 18:05:40,299 INFO  [health_checker.server.worker.generic_worker:19] begin to health check: CheckRedoLog
2020-05-05 18:05:40,299 INFO  [health_checker.server.worker.generic_worker:19] begin to health check: CheckConnections
2020-05-05 18:05:40,301 INFO  [health_checker.server.worker.generic_worker:19] begin to health check: CheckSafeReplication
2020-05-05 18:05:40,303 DEBUG [health_checker.client.database.mysql:17] execute sql : show slave status
2020-05-05 18:05:40,303 DEBUG [health_checker.client.database.mysql:17] execute sql : show variables like 'log_bin'
2020-05-05 18:05:40,303 DEBUG [health_checker.client.database.mysql:17] execute sql : show variables like 'innodb_log_file_size'
2020-05-05 18:05:40,305 DEBUG [health_checker.client.database.mysql:17] execute sql : show variables like 'max_connections'
2020-05-05 18:05:40,305 DEBUG [health_checker.client.database.mysql:17] execute sql : show slave status
2020-05-05 18:05:40,306 INFO  [health_checker.client.client:25] do action CheckSafeReplication successful
2020-05-05 18:05:40,306 INFO  [health_checker.server.worker.generic_worker:23] fnished for health check : CheckSafeReplication in 0.00599980354309
2020-05-05 18:05:40,309 DEBUG [health_checker.client.database.mysql:17] execute sql : show variables like 'innodb_flush_log_at_trx_commit'
2020-05-05 18:05:40,309 DEBUG [health_checker.client.database.mysql:17] execute sql : show variables like 'binlog_format'
2020-05-05 18:05:40,312 DEBUG [health_checker.client.database.mysql:17] execute sql : show variables like 'innodb_buffer_pool_size'
2020-05-05 18:05:40,315 DEBUG [health_checker.client.database.mysql:17] execute sql : show variables like 'innodb_flush_method'
2020-05-05 18:05:40,316 DEBUG [health_checker.client.database.mysql:17] execute sql : show variables like 'sync_binlog'
2020-05-05 18:05:40,319 INFO  [health_checker.client.client:25] do action CheckConnections successful
2020-05-05 18:05:40,319 INFO  [health_checker.server.worker.generic_worker:23] fnished for health check : CheckConnections in 0.0190000534058
2020-05-05 18:05:40,319 DEBUG [health_checker.client.database.mysql:17] execute sql : show variables like 'datadir'
2020-05-05 18:05:40,322 DEBUG [health_checker.client.database.mysql:17] execute sql : show variables like 'expire_logs_days'
2020-05-05 18:05:40,323 INFO  [health_checker.client.client:25] do action CheckRedoLog successful
2020-05-05 18:05:40,325 INFO  [health_checker.server.worker.generic_worker:31] failed to health check: CheckRedoLog, failed reason : 'unicode' object is not callable
2020-05-05 18:05:40,325 DEBUG [health_checker.client.database.mysql:17] execute sql : show variables like 'datadir'
2020-05-05 18:05:40,331 DEBUG [health_checker.client.database.mysql:17] execute sql : show master logs
2020-05-05 18:05:40,332 INFO  [health_checker.client.client:25] do action CheckBinaryLogs successful
2020-05-05 18:05:40,332 INFO  [health_checker.server.worker.generic_worker:23] fnished for health check : CheckBinaryLogs in 0.0339999198914
2020-05-05 18:07:55,255 INFO  [health_checker.server.worker.generic_worker:19] 开始对该MySQL健康检查: CheckBinaryLogs
2020-05-05 18:07:55,256 INFO  [health_checker.server.worker.generic_worker:19] 开始对该MySQL健康检查: CheckRedoLog
2020-05-05 18:07:55,256 INFO  [health_checker.server.worker.generic_worker:19] 开始对该MySQL健康检查: CheckConnections
2020-05-05 18:07:55,257 INFO  [health_checker.server.worker.generic_worker:19] 开始对该MySQL健康检查: CheckSafeReplication
2020-05-05 18:07:55,259 DEBUG [health_checker.client.database.mysql:17] execute sql : show variables like 'log_bin'
2020-05-05 18:07:55,259 DEBUG [health_checker.client.database.mysql:17] execute sql : show variables like 'max_connections'
2020-05-05 18:07:55,260 DEBUG [health_checker.client.database.mysql:17] execute sql : show variables like 'innodb_log_file_size'
2020-05-05 18:07:55,260 DEBUG [health_checker.client.database.mysql:17] execute sql : show slave status
2020-05-05 18:07:55,266 DEBUG [health_checker.client.database.mysql:17] execute sql : show variables like 'binlog_format'
2020-05-05 18:07:55,266 DEBUG [health_checker.client.database.mysql:17] execute sql : show variables like 'innodb_buffer_pool_size'
2020-05-05 18:07:55,267 DEBUG [health_checker.client.database.mysql:17] execute sql : show variables like 'innodb_flush_log_at_trx_commit'
2020-05-05 18:07:55,270 DEBUG [health_checker.client.database.mysql:17] execute sql : show variables like 'sync_binlog'
2020-05-05 18:07:55,272 INFO  [health_checker.client.client:25] do action CheckConnections successful
2020-05-05 18:07:55,273 INFO  [health_checker.server.worker.generic_worker:23] 对该MySQL健康检查结束 : CheckConnections in 0.0160000324249
2020-05-05 18:07:55,273 DEBUG [health_checker.client.database.mysql:17] execute sql : show variables like 'innodb_flush_method'
2020-05-05 18:07:55,275 DEBUG [health_checker.client.database.mysql:17] execute sql : show slave status
2020-05-05 18:07:55,276 DEBUG [health_checker.client.database.mysql:17] execute sql : show variables like 'expire_logs_days'
2020-05-05 18:07:55,276 INFO  [health_checker.client.client:25] do action CheckSafeReplication successful
2020-05-05 18:07:55,276 INFO  [health_checker.server.worker.generic_worker:23] 对该MySQL健康检查结束 : CheckSafeReplication in 0.0190000534058
2020-05-05 18:07:55,278 DEBUG [health_checker.client.database.mysql:17] execute sql : show variables like 'datadir'
2020-05-05 18:07:55,279 DEBUG [health_checker.client.database.mysql:17] execute sql : show variables like 'datadir'
2020-05-05 18:07:55,282 INFO  [health_checker.client.client:25] do action CheckRedoLog successful
2020-05-05 18:07:55,282 INFO  [health_checker.server.worker.generic_worker:31] 健康检查失败: CheckRedoLog, 失败原因是 : 'unicode' object is not callable
2020-05-05 18:07:55,285 DEBUG [health_checker.client.database.mysql:17] execute sql : show master logs
2020-05-05 18:07:55,286 INFO  [health_checker.client.client:25] do action CheckBinaryLogs successful
2020-05-05 18:07:55,286 INFO  [health_checker.server.worker.generic_worker:23] 对该MySQL健康检查结束 : CheckBinaryLogs in 0.0309998989105
2020-05-05 18:09:57,980 INFO  [health_checker.server.worker.generic_worker:19] 开始对该MySQL健康检查: CheckBinaryLogs
2020-05-05 18:09:57,982 INFO  [health_checker.server.worker.generic_worker:19] 开始对该MySQL健康检查: CheckRedoLog
2020-05-05 18:09:57,982 INFO  [health_checker.server.worker.generic_worker:19] 开始对该MySQL健康检查: CheckConnections
2020-05-05 18:09:57,986 INFO  [health_checker.server.worker.generic_worker:19] 开始对该MySQL健康检查: CheckSafeReplication
2020-05-05 18:09:57,989 DEBUG [health_checker.client.database.mysql:17] execute sql : show variables like 'log_bin'
2020-05-05 18:09:57,989 DEBUG [health_checker.client.database.mysql:17] execute sql : show variables like 'innodb_log_file_size'
2020-05-05 18:09:57,989 DEBUG [health_checker.client.database.mysql:17] execute sql : show slave status
2020-05-05 18:09:57,990 DEBUG [health_checker.client.database.mysql:17] execute sql : show variables like 'max_connections'
2020-05-05 18:09:57,992 DEBUG [health_checker.client.database.mysql:17] execute sql : show slave status
2020-05-05 18:09:57,993 DEBUG [health_checker.client.database.mysql:17] execute sql : show variables like 'innodb_flush_log_at_trx_commit'
2020-05-05 18:09:57,994 DEBUG [health_checker.client.database.mysql:17] execute sql : show variables like 'binlog_format'
2020-05-05 18:09:57,994 INFO  [health_checker.client.client:25] do action CheckSafeReplication successful
2020-05-05 18:09:57,996 INFO  [health_checker.server.worker.generic_worker:23] CheckSafeReplication功能对该MySQL健康检查结束 :  ,执行时间： 0.0110001564026
2020-05-05 18:09:57,996 DEBUG [health_checker.client.database.mysql:17] execute sql : show variables like 'innodb_buffer_pool_size'
2020-05-05 18:09:57,999 DEBUG [health_checker.client.database.mysql:17] execute sql : show variables like 'innodb_flush_method'
2020-05-05 18:09:57,999 DEBUG [health_checker.client.database.mysql:17] execute sql : show variables like 'sync_binlog'
2020-05-05 18:09:58,000 INFO  [health_checker.client.client:25] do action CheckConnections successful
2020-05-05 18:09:58,000 INFO  [health_checker.server.worker.generic_worker:23] CheckConnections功能对该MySQL健康检查结束 :  ,执行时间： 0.0189998149872
2020-05-05 18:09:58,003 DEBUG [health_checker.client.database.mysql:17] execute sql : show variables like 'datadir'
2020-05-05 18:09:58,005 DEBUG [health_checker.client.database.mysql:17] execute sql : show variables like 'expire_logs_days'
2020-05-05 18:09:58,007 INFO  [health_checker.client.client:25] do action CheckRedoLog successful
2020-05-05 18:09:58,007 INFO  [health_checker.server.worker.generic_worker:31] 健康检查失败: CheckRedoLog, 失败原因是 : 'unicode' object is not callable
2020-05-05 18:09:58,009 DEBUG [health_checker.client.database.mysql:17] execute sql : show variables like 'datadir'
2020-05-05 18:09:58,013 DEBUG [health_checker.client.database.mysql:17] execute sql : show master logs
2020-05-05 18:09:58,013 INFO  [health_checker.client.client:25] do action CheckBinaryLogs successful
2020-05-05 18:09:58,013 INFO  [health_checker.server.worker.generic_worker:23] CheckBinaryLogs功能对该MySQL健康检查结束 :  ,执行时间： 0.0329999923706
2020-05-05 18:13:00,503 INFO  [health_checker.server.worker.generic_worker:19] 开始对该MySQL的"CheckBinaryLogs"功能进行健康检查
2020-05-05 18:13:00,503 DEBUG [health_checker.client.database.mysql:17] execute sql : show variables like 'log_bin'
2020-05-05 18:13:00,510 DEBUG [health_checker.client.database.mysql:17] execute sql : show variables like 'binlog_format'
2020-05-05 18:13:00,516 DEBUG [health_checker.client.database.mysql:17] execute sql : show variables like 'sync_binlog'
2020-05-05 18:13:00,516 INFO  [health_checker.server.worker.generic_worker:19] 开始对该MySQL的"CheckRedoLog"功能进行健康检查
2020-05-05 18:13:00,517 DEBUG [health_checker.client.database.mysql:17] execute sql : show variables like 'innodb_log_file_size'
2020-05-05 18:13:00,519 DEBUG [health_checker.client.database.mysql:17] execute sql : show variables like 'expire_logs_days'
2020-05-05 18:13:00,523 DEBUG [health_checker.client.database.mysql:17] execute sql : show variables like 'innodb_flush_log_at_trx_commit'
2020-05-05 18:13:00,526 DEBUG [health_checker.client.database.mysql:17] execute sql : show variables like 'datadir'
2020-05-05 18:13:00,529 DEBUG [health_checker.client.database.mysql:17] execute sql : show variables like 'innodb_flush_method'
2020-05-05 18:13:00,529 DEBUG [health_checker.client.database.mysql:17] execute sql : show master logs
2020-05-05 18:13:00,529 INFO  [health_checker.client.client:25] do action CheckBinaryLogs successful
2020-05-05 18:13:00,529 INFO  [health_checker.server.worker.generic_worker:23] CheckBinaryLogs功能对该MySQL健康检查结束, 执行时间：0.0260000228882
2020-05-05 18:13:00,530 DEBUG [health_checker.client.database.mysql:17] execute sql : show variables like 'datadir'
2020-05-05 18:13:00,536 INFO  [health_checker.server.worker.generic_worker:19] 开始对该MySQL的"CheckConnections"功能进行健康检查
2020-05-05 18:13:00,536 INFO  [health_checker.client.client:25] do action CheckRedoLog successful
2020-05-05 18:13:00,536 DEBUG [health_checker.client.database.mysql:17] execute sql : show variables like 'max_connections'
2020-05-05 18:13:00,536 INFO  [health_checker.server.worker.generic_worker:31] 健康检查失败: CheckRedoLog, 失败原因是 : 'unicode' object is not callable
2020-05-05 18:13:00,536 INFO  [health_checker.server.worker.generic_worker:19] 开始对该MySQL的"CheckSafeReplication"功能进行健康检查
2020-05-05 18:13:00,536 DEBUG [health_checker.client.database.mysql:17] execute sql : show slave status
2020-05-05 18:13:00,538 DEBUG [health_checker.client.database.mysql:17] execute sql : show slave status
2020-05-05 18:13:00,539 INFO  [health_checker.client.client:25] do action CheckSafeReplication successful
2020-05-05 18:13:00,539 INFO  [health_checker.server.worker.generic_worker:23] CheckSafeReplication功能对该MySQL健康检查结束, 执行时间：0.00200009346008
2020-05-05 18:13:00,540 DEBUG [health_checker.client.database.mysql:17] execute sql : show variables like 'innodb_buffer_pool_size'
2020-05-05 18:13:00,546 INFO  [health_checker.client.client:25] do action CheckConnections successful
2020-05-05 18:13:00,546 INFO  [health_checker.server.worker.generic_worker:23] CheckConnections功能对该MySQL健康检查结束, 执行时间：0.010999917984
2020-05-06 09:09:03,010 INFO  [health_checker.server.worker.generic_worker:24] 开始对该MySQL的"CheckBinaryLogs"功能进行健康检查
2020-05-06 09:09:03,012 INFO  [health_checker.server.worker.generic_worker:24] 开始对该MySQL的"CheckRedoLog"功能进行健康检查
2020-05-06 09:09:03,012 INFO  [health_checker.server.worker.generic_worker:24] 开始对该MySQL的"CheckConnections"功能进行健康检查
2020-05-06 09:09:03,012 INFO  [health_checker.server.worker.generic_worker:24] 开始对该MySQL的"CheckSafeReplication"功能进行健康检查
2020-05-06 09:09:03,036 DEBUG [health_checker.client.database.mysql:17] execute sql : show variables like 'log_bin'
2020-05-06 09:09:03,038 DEBUG [health_checker.client.database.mysql:17] execute sql : show variables like 'innodb_log_file_size'
2020-05-06 09:09:03,038 DEBUG [health_checker.client.database.mysql:17] execute sql : show variables like 'max_connections'
2020-05-06 09:09:03,038 DEBUG [health_checker.client.database.mysql:17] execute sql : show slave status
2020-05-06 09:09:03,085 DEBUG [health_checker.client.database.mysql:17] execute sql : show variables like 'innodb_flush_log_at_trx_commit'
2020-05-06 09:09:03,086 DEBUG [health_checker.client.database.mysql:17] execute sql : show slave status
2020-05-06 09:09:03,088 DEBUG [health_checker.client.database.mysql:17] execute sql : show variables like 'binlog_format'
2020-05-06 09:09:03,091 INFO  [health_checker.client.client:25] do action CheckSafeReplication successful
2020-05-06 09:09:03,091 INFO  [health_checker.server.worker.generic_worker:28] CheckSafeReplication功能对该MySQL健康检查结束, 执行时间：0.0789999961853
2020-05-06 09:09:03,094 DEBUG [health_checker.client.database.mysql:17] execute sql : show variables like 'innodb_flush_method'
2020-05-06 09:09:03,095 DEBUG [health_checker.client.database.mysql:17] execute sql : show variables like 'sync_binlog'
2020-05-06 09:09:03,098 DEBUG [health_checker.client.database.mysql:17] execute sql : show variables like 'datadir'
2020-05-06 09:09:03,099 DEBUG [health_checker.client.database.mysql:17] execute sql : show variables like 'expire_logs_days'
2020-05-06 09:09:03,101 INFO  [health_checker.client.client:25] do action CheckRedoLog successful
2020-05-06 09:09:03,101 INFO  [health_checker.server.worker.generic_worker:35] 健康检查失败: CheckRedoLog, 失败原因是 : 'unicode' object is not callable
2020-05-06 09:09:03,104 DEBUG [health_checker.client.database.mysql:17] execute sql : show variables like 'datadir'
2020-05-06 09:09:03,104 DEBUG [health_checker.client.database.mysql:17] execute sql : show variables like 'innodb_buffer_pool_size'
2020-05-06 09:09:03,108 DEBUG [health_checker.client.database.mysql:17] execute sql : show master logs
2020-05-06 09:09:03,108 INFO  [health_checker.client.client:25] do action CheckConnections successful
2020-05-06 09:09:03,108 INFO  [health_checker.server.worker.generic_worker:28] CheckConnections功能对该MySQL健康检查结束, 执行时间：0.095999956131
2020-05-06 09:09:03,108 INFO  [health_checker.client.client:25] do action CheckBinaryLogs successful
2020-05-06 09:09:03,108 INFO  [health_checker.server.worker.generic_worker:28] CheckBinaryLogs功能对该MySQL健康检查结束, 执行时间：0.0980000495911
2020-05-06 09:09:09,473 INFO  [health_checker.server.worker.generic_worker:24] 开始对该MySQL的"CheckBinaryLogs"功能进行健康检查
2020-05-06 09:09:09,476 INFO  [health_checker.server.worker.generic_worker:24] 开始对该MySQL的"CheckRedoLog"功能进行健康检查
2020-05-06 09:09:09,476 INFO  [health_checker.server.worker.generic_worker:24] 开始对该MySQL的"CheckConnections"功能进行健康检查
2020-05-06 09:09:09,479 INFO  [health_checker.server.worker.generic_worker:24] 开始对该MySQL的"CheckSafeReplication"功能进行健康检查
2020-05-06 09:09:09,483 DEBUG [health_checker.client.database.mysql:17] execute sql : show variables like 'log_bin'
2020-05-06 09:09:09,483 DEBUG [health_checker.client.database.mysql:17] execute sql : show slave status
2020-05-06 09:09:09,483 DEBUG [health_checker.client.database.mysql:17] execute sql : show variables like 'innodb_log_file_size'
2020-05-06 09:09:09,484 DEBUG [health_checker.client.database.mysql:17] execute sql : show variables like 'max_connections'
2020-05-06 09:09:09,489 DEBUG [health_checker.client.database.mysql:17] execute sql : show slave status
2020-05-06 09:09:09,490 DEBUG [health_checker.client.database.mysql:17] execute sql : show variables like 'innodb_flush_log_at_trx_commit'
2020-05-06 09:09:09,490 DEBUG [health_checker.client.database.mysql:17] execute sql : show variables like 'binlog_format'
2020-05-06 09:09:09,492 INFO  [health_checker.client.client:25] do action CheckSafeReplication successful
2020-05-06 09:09:09,493 INFO  [health_checker.server.worker.generic_worker:28] CheckSafeReplication功能对该MySQL健康检查结束, 执行时间：0.0150001049042
2020-05-06 09:09:09,493 DEBUG [health_checker.client.database.mysql:17] execute sql : show variables like 'innodb_buffer_pool_size'
2020-05-06 09:09:09,496 DEBUG [health_checker.client.database.mysql:17] execute sql : show variables like 'innodb_flush_method'
2020-05-06 09:09:09,496 DEBUG [health_checker.client.database.mysql:17] execute sql : show variables like 'sync_binlog'
2020-05-06 09:09:09,497 INFO  [health_checker.client.client:25] do action CheckConnections successful
2020-05-06 09:09:09,497 INFO  [health_checker.server.worker.generic_worker:28] CheckConnections功能对该MySQL健康检查结束, 执行时间：0.0209999084473
2020-05-06 09:09:09,500 DEBUG [health_checker.client.database.mysql:17] execute sql : show variables like 'datadir'
2020-05-06 09:09:09,500 DEBUG [health_checker.client.database.mysql:17] execute sql : show variables like 'expire_logs_days'
2020-05-06 09:09:09,503 INFO  [health_checker.client.client:25] do action CheckRedoLog successful
2020-05-06 09:09:09,503 INFO  [health_checker.server.worker.generic_worker:35] 健康检查失败: CheckRedoLog, 失败原因是 : 'unicode' object is not callable
2020-05-06 09:09:09,505 DEBUG [health_checker.client.database.mysql:17] execute sql : show variables like 'datadir'
2020-05-06 09:09:09,507 DEBUG [health_checker.client.database.mysql:17] execute sql : show master logs
2020-05-06 09:09:09,509 INFO  [health_checker.client.client:25] do action CheckBinaryLogs successful
2020-05-06 09:09:09,509 INFO  [health_checker.server.worker.generic_worker:28] CheckBinaryLogs功能对该MySQL健康检查结束, 执行时间：0.0350000858307
2020-05-06 09:15:40,743 INFO  [health_checker.server.worker.generic_worker:24] 开始对该MySQL的"CheckBinaryLogs"功能进行健康检查
2020-05-06 09:15:40,743 INFO  [health_checker.server.worker.generic_worker:24] 开始对该MySQL的"CheckRedoLog"功能进行健康检查
2020-05-06 09:15:40,743 INFO  [health_checker.server.worker.generic_worker:24] 开始对该MySQL的"CheckConnections"功能进行健康检查
2020-05-06 09:15:40,744 INFO  [health_checker.server.worker.generic_worker:24] 开始对该MySQL的"CheckSafeReplication"功能进行健康检查
2020-05-06 09:15:40,746 DEBUG [health_checker.client.database.mysql:17] execute sql : show variables like 'innodb_log_file_size'
2020-05-06 09:15:40,747 DEBUG [health_checker.client.database.mysql:17] execute sql : show slave status
2020-05-06 09:15:40,747 DEBUG [health_checker.client.database.mysql:17] execute sql : show variables like 'log_bin'
2020-05-06 09:15:40,747 DEBUG [health_checker.client.database.mysql:17] execute sql : show variables like 'max_connections'
2020-05-06 09:15:40,755 DEBUG [health_checker.client.database.mysql:17] execute sql : show slave status
2020-05-06 09:15:40,756 DEBUG [health_checker.client.database.mysql:17] execute sql : show variables like 'innodb_flush_log_at_trx_commit'
2020-05-06 09:15:40,756 DEBUG [health_checker.client.database.mysql:17] execute sql : show variables like 'binlog_format'
2020-05-06 09:15:40,756 INFO  [health_checker.client.client:25] do action CheckSafeReplication successful
2020-05-06 09:15:40,756 INFO  [health_checker.server.worker.generic_worker:28] CheckSafeReplication功能对该MySQL健康检查结束, 执行时间：0.0120000839233
2020-05-06 09:15:40,759 DEBUG [health_checker.client.database.mysql:17] execute sql : show variables like 'innodb_buffer_pool_size'
2020-05-06 09:15:40,759 DEBUG [health_checker.client.database.mysql:17] execute sql : show variables like 'innodb_flush_method'
2020-05-06 09:15:40,762 DEBUG [health_checker.client.database.mysql:17] execute sql : show variables like 'sync_binlog'
2020-05-06 09:15:40,763 INFO  [health_checker.client.client:25] do action CheckConnections successful
2020-05-06 09:15:40,763 INFO  [health_checker.server.worker.generic_worker:28] CheckConnections功能对该MySQL健康检查结束, 执行时间：0.0199999809265
2020-05-06 09:15:40,765 DEBUG [health_checker.client.database.mysql:17] execute sql : show variables like 'datadir'
2020-05-06 09:15:40,766 DEBUG [health_checker.client.database.mysql:17] execute sql : show variables like 'expire_logs_days'
2020-05-06 09:15:40,769 INFO  [health_checker.client.client:25] do action CheckRedoLog successful
2020-05-06 09:15:40,769 INFO  [health_checker.server.worker.generic_worker:35] 健康检查失败: CheckRedoLog, 失败原因是 : 'unicode' object is not callable
2020-05-06 09:15:40,770 DEBUG [health_checker.client.database.mysql:17] execute sql : show variables like 'datadir'
2020-05-06 09:15:40,773 DEBUG [health_checker.client.database.mysql:17] execute sql : show master logs
2020-05-06 09:15:40,773 INFO  [health_checker.client.client:25] do action CheckBinaryLogs successful
2020-05-06 09:15:40,775 INFO  [health_checker.server.worker.generic_worker:28] CheckBinaryLogs功能对该MySQL健康检查结束, 执行时间：0.0320000648499
2020-05-06 09:16:21,055 INFO  [health_checker.server.worker.generic_worker:24] 开始对该MySQL的"CheckBinaryLogs"功能进行健康检查
2020-05-06 09:16:21,056 DEBUG [health_checker.client.database.mysql:17] execute sql : show variables like 'log_bin'
2020-05-06 09:16:21,065 INFO  [health_checker.server.worker.generic_worker:24] 开始对该MySQL的"CheckRedoLog"功能进行健康检查
2020-05-06 09:16:21,065 DEBUG [health_checker.client.database.mysql:17] execute sql : show variables like 'binlog_format'
2020-05-06 09:16:21,065 DEBUG [health_checker.client.database.mysql:17] execute sql : show variables like 'innodb_log_file_size'
2020-05-06 09:16:21,069 DEBUG [health_checker.client.database.mysql:17] execute sql : show variables like 'sync_binlog'
2020-05-06 09:16:21,071 DEBUG [health_checker.client.database.mysql:17] execute sql : show variables like 'innodb_flush_log_at_trx_commit'
2020-05-06 09:16:21,072 DEBUG [health_checker.client.database.mysql:17] execute sql : show variables like 'expire_logs_days'
2020-05-06 09:16:21,075 DEBUG [health_checker.client.database.mysql:17] execute sql : show variables like 'innodb_flush_method'
2020-05-06 09:16:21,076 DEBUG [health_checker.client.database.mysql:17] execute sql : show variables like 'datadir'
2020-05-06 09:16:21,078 INFO  [health_checker.server.worker.generic_worker:24] 开始对该MySQL的"CheckConnections"功能进行健康检查
2020-05-06 09:16:21,078 DEBUG [health_checker.client.database.mysql:17] execute sql : show variables like 'max_connections'
2020-05-06 09:16:21,078 DEBUG [health_checker.client.database.mysql:17] execute sql : show variables like 'datadir'
2020-05-06 09:16:21,081 DEBUG [health_checker.client.database.mysql:17] execute sql : show master logs
2020-05-06 09:16:21,084 INFO  [health_checker.client.client:25] do action CheckBinaryLogs successful
2020-05-06 09:16:21,084 DEBUG [health_checker.client.database.mysql:17] execute sql : show variables like 'innodb_buffer_pool_size'
2020-05-06 09:16:21,085 INFO  [health_checker.client.client:25] do action CheckRedoLog successful
2020-05-06 09:16:21,085 INFO  [health_checker.server.worker.generic_worker:28] CheckBinaryLogs功能对该MySQL健康检查结束, 执行时间：0.029000043869
2020-05-06 09:16:21,085 INFO  [health_checker.server.worker.generic_worker:35] 健康检查失败: CheckRedoLog, 失败原因是 : 'unicode' object is not callable
2020-05-06 09:16:21,086 INFO  [health_checker.server.worker.generic_worker:24] 开始对该MySQL的"CheckSafeReplication"功能进行健康检查
2020-05-06 09:16:21,086 DEBUG [health_checker.client.database.mysql:17] execute sql : show slave status
2020-05-06 09:16:21,088 DEBUG [health_checker.client.database.mysql:17] execute sql : show slave status
2020-05-06 09:16:21,088 INFO  [health_checker.client.client:25] do action CheckSafeReplication successful
2020-05-06 09:16:21,088 INFO  [health_checker.server.worker.generic_worker:28] CheckSafeReplication功能对该MySQL健康检查结束, 执行时间：0.00200009346008
2020-05-06 09:16:21,088 INFO  [health_checker.client.client:25] do action CheckConnections successful
2020-05-06 09:16:21,089 INFO  [health_checker.server.worker.generic_worker:28] CheckConnections功能对该MySQL健康检查结束, 执行时间：0.0119998455048
2020-05-06 09:16:36,558 INFO  [health_checker.server.worker.generic_worker:24] 开始对该MySQL的"CheckBinaryLogs"功能进行健康检查
2020-05-06 09:16:36,558 INFO  [health_checker.server.worker.generic_worker:24] 开始对该MySQL的"CheckRedoLog"功能进行健康检查
2020-05-06 09:16:36,559 INFO  [health_checker.server.worker.generic_worker:24] 开始对该MySQL的"CheckConnections"功能进行健康检查
2020-05-06 09:16:36,562 DEBUG [health_checker.client.database.mysql:17] execute sql : show variables like 'max_connections'
2020-05-06 09:16:36,562 DEBUG [health_checker.client.database.mysql:17] execute sql : show variables like 'log_bin'
2020-05-06 09:16:36,563 DEBUG [health_checker.client.database.mysql:17] execute sql : show variables like 'innodb_log_file_size'
2020-05-06 09:16:36,569 DEBUG [health_checker.client.database.mysql:17] execute sql : show variables like 'binlog_format'
2020-05-06 09:16:36,569 DEBUG [health_checker.client.database.mysql:17] execute sql : show variables like 'innodb_flush_log_at_trx_commit'
2020-05-06 09:16:36,575 DEBUG [health_checker.client.database.mysql:17] execute sql : show variables like 'innodb_flush_method'
2020-05-06 09:16:36,575 DEBUG [health_checker.client.database.mysql:17] execute sql : show variables like 'sync_binlog'
2020-05-06 09:16:36,579 DEBUG [health_checker.client.database.mysql:17] execute sql : show variables like 'datadir'
2020-05-06 09:16:36,582 DEBUG [health_checker.client.database.mysql:17] execute sql : show variables like 'expire_logs_days'
2020-05-06 09:16:36,585 INFO  [health_checker.client.client:25] do action CheckRedoLog successful
2020-05-06 09:16:36,585 INFO  [health_checker.server.worker.generic_worker:35] 健康检查失败: CheckRedoLog, 失败原因是 : 'unicode' object is not callable
2020-05-06 09:16:36,585 DEBUG [health_checker.client.database.mysql:17] execute sql : show variables like 'datadir'
2020-05-06 09:16:36,586 INFO  [health_checker.server.worker.generic_worker:24] 开始对该MySQL的"CheckSafeReplication"功能进行健康检查
2020-05-06 09:16:36,588 DEBUG [health_checker.client.database.mysql:17] execute sql : show slave status
2020-05-06 09:16:36,589 DEBUG [health_checker.client.database.mysql:17] execute sql : show master logs
2020-05-06 09:16:36,592 DEBUG [health_checker.client.database.mysql:17] execute sql : show slave status
2020-05-06 09:16:36,592 INFO  [health_checker.client.client:25] do action CheckBinaryLogs successful
2020-05-06 09:16:36,592 INFO  [health_checker.server.worker.generic_worker:28] CheckBinaryLogs功能对该MySQL健康检查结束, 执行时间：0.0339999198914
2020-05-06 09:16:36,592 INFO  [health_checker.client.client:25] do action CheckSafeReplication successful
2020-05-06 09:16:36,592 INFO  [health_checker.server.worker.generic_worker:28] CheckSafeReplication功能对该MySQL健康检查结束, 执行时间：0.00600004196167
2020-05-06 09:16:36,598 DEBUG [health_checker.client.database.mysql:17] execute sql : show variables like 'innodb_buffer_pool_size'
2020-05-06 09:16:36,601 INFO  [health_checker.client.client:25] do action CheckConnections successful
2020-05-06 09:16:36,602 INFO  [health_checker.server.worker.generic_worker:28] CheckConnections功能对该MySQL健康检查结束, 执行时间：0.0439999103546
2020-05-06 09:17:03,990 INFO  [health_checker.server.worker.generic_worker:24] 开始对该MySQL的"CheckBinaryLogs"功能进行健康检查
2020-05-06 09:17:03,992 DEBUG [health_checker.client.database.mysql:17] execute sql : show variables like 'log_bin'
2020-05-06 09:17:03,993 INFO  [health_checker.server.worker.generic_worker:24] 开始对该MySQL的"CheckRedoLog"功能进行健康检查
2020-05-06 09:17:03,993 DEBUG [health_checker.client.database.mysql:17] execute sql : show variables like 'innodb_log_file_size'
2020-05-06 09:17:03,996 DEBUG [health_checker.client.database.mysql:17] execute sql : show variables like 'binlog_format'
2020-05-06 09:17:03,996 DEBUG [health_checker.client.database.mysql:17] execute sql : show variables like 'innodb_flush_log_at_trx_commit'
2020-05-06 09:17:04,000 DEBUG [health_checker.client.database.mysql:17] execute sql : show variables like 'sync_binlog'
2020-05-06 09:17:04,002 DEBUG [health_checker.client.database.mysql:17] execute sql : show variables like 'innodb_flush_method'
2020-05-06 09:17:04,005 DEBUG [health_checker.client.database.mysql:17] execute sql : show variables like 'expire_logs_days'
2020-05-06 09:17:04,006 DEBUG [health_checker.client.database.mysql:17] execute sql : show variables like 'datadir'
2020-05-06 09:17:04,009 DEBUG [health_checker.client.database.mysql:17] execute sql : show variables like 'datadir'
2020-05-06 09:17:04,010 INFO  [health_checker.client.client:25] do action CheckRedoLog successful
2020-05-06 09:17:04,010 INFO  [health_checker.server.worker.generic_worker:35] 健康检查失败: CheckRedoLog, 失败原因是 : 'unicode' object is not callable
2020-05-06 09:17:04,013 INFO  [health_checker.server.worker.generic_worker:24] 开始对该MySQL的"CheckConnections"功能进行健康检查
2020-05-06 09:17:04,013 DEBUG [health_checker.client.database.mysql:17] execute sql : show variables like 'max_connections'
2020-05-06 09:17:04,013 INFO  [health_checker.server.worker.generic_worker:24] 开始对该MySQL的"CheckSafeReplication"功能进行健康检查
2020-05-06 09:17:04,013 DEBUG [health_checker.client.database.mysql:17] execute sql : show slave status
2020-05-06 09:17:04,013 DEBUG [health_checker.client.database.mysql:17] execute sql : show master logs
2020-05-06 09:17:04,015 DEBUG [health_checker.client.database.mysql:17] execute sql : show slave status
2020-05-06 09:17:04,015 INFO  [health_checker.client.client:25] do action CheckBinaryLogs successful
2020-05-06 09:17:04,016 INFO  [health_checker.server.worker.generic_worker:28] CheckBinaryLogs功能对该MySQL健康检查结束, 执行时间：0.0240001678467
2020-05-06 09:17:04,016 INFO  [health_checker.client.client:25] do action CheckSafeReplication successful
2020-05-06 09:17:04,016 INFO  [health_checker.server.worker.generic_worker:28] CheckSafeReplication功能对该MySQL健康检查结束, 执行时间：0.00300002098083
2020-05-06 09:17:04,016 DEBUG [health_checker.client.database.mysql:17] execute sql : show variables like 'innodb_buffer_pool_size'
2020-05-06 09:17:04,023 INFO  [health_checker.client.client:25] do action CheckConnections successful
2020-05-06 09:17:04,023 INFO  [health_checker.server.worker.generic_worker:28] CheckConnections功能对该MySQL健康检查结束, 执行时间：0.010999917984
2020-05-06 09:17:21,506 INFO  [health_checker.server.worker.generic_worker:24] 开始对该MySQL的"CheckBinaryLogs"功能进行健康检查
2020-05-06 09:17:21,506 INFO  [health_checker.server.worker.generic_worker:24] 开始对该MySQL的"CheckRedoLog"功能进行健康检查
2020-05-06 09:17:21,506 INFO  [health_checker.server.worker.generic_worker:24] 开始对该MySQL的"CheckConnections"功能进行健康检查
2020-05-06 09:17:21,509 INFO  [health_checker.server.worker.generic_worker:24] 开始对该MySQL的"CheckSafeReplication"功能进行健康检查
2020-05-06 09:17:21,510 DEBUG [health_checker.client.database.mysql:17] execute sql : show variables like 'log_bin'
2020-05-06 09:17:21,512 DEBUG [health_checker.client.database.mysql:17] execute sql : show slave status
2020-05-06 09:17:21,512 DEBUG [health_checker.client.database.mysql:17] execute sql : show variables like 'innodb_log_file_size'
2020-05-06 09:17:21,512 DEBUG [health_checker.client.database.mysql:17] execute sql : show variables like 'max_connections'
2020-05-06 09:17:21,513 DEBUG [health_checker.client.database.mysql:17] execute sql : show slave status
2020-05-06 09:17:21,516 DEBUG [health_checker.client.database.mysql:17] execute sql : show variables like 'binlog_format'
2020-05-06 09:17:21,517 DEBUG [health_checker.client.database.mysql:17] execute sql : show variables like 'innodb_buffer_pool_size'
2020-05-06 09:17:21,520 INFO  [health_checker.client.client:25] do action CheckSafeReplication successful
2020-05-06 09:17:21,525 INFO  [health_checker.server.worker.generic_worker:28] CheckSafeReplication功能对该MySQL健康检查结束, 执行时间：0.0160000324249
2020-05-06 09:17:21,525 DEBUG [health_checker.client.database.mysql:17] execute sql : show variables like 'sync_binlog'
2020-05-06 09:17:21,529 INFO  [health_checker.client.client:25] do action CheckConnections successful
2020-05-06 09:17:21,529 INFO  [health_checker.server.worker.generic_worker:28] CheckConnections功能对该MySQL健康检查结束, 执行时间：0.0220000743866
2020-05-06 09:17:21,529 DEBUG [health_checker.client.database.mysql:17] execute sql : show variables like 'expire_logs_days'
2020-05-06 09:17:21,536 DEBUG [health_checker.client.database.mysql:17] execute sql : show variables like 'datadir'
2020-05-06 09:17:21,539 DEBUG [health_checker.client.database.mysql:17] execute sql : show master logs
2020-05-06 09:17:21,540 INFO  [health_checker.client.client:25] do action CheckBinaryLogs successful
2020-05-06 09:17:21,540 INFO  [health_checker.server.worker.generic_worker:28] CheckBinaryLogs功能对该MySQL健康检查结束, 执行时间：0.0339999198914
2020-05-06 09:17:21,548 DEBUG [health_checker.client.database.mysql:17] execute sql : show variables like 'innodb_flush_log_at_trx_commit'
2020-05-06 09:17:21,552 DEBUG [health_checker.client.database.mysql:17] execute sql : show variables like 'innodb_flush_method'
2020-05-06 09:17:21,555 DEBUG [health_checker.client.database.mysql:17] execute sql : show variables like 'datadir'
2020-05-06 09:17:21,559 INFO  [health_checker.client.client:25] do action CheckRedoLog successful
2020-05-06 09:17:21,559 INFO  [health_checker.server.worker.generic_worker:35] 健康检查失败: CheckRedoLog, 失败原因是 : 'unicode' object is not callable
2020-05-06 09:17:44,788 INFO  [health_checker.server.worker.generic_worker:24] 开始对该MySQL的"CheckBinaryLogs"功能进行健康检查
2020-05-06 09:17:44,789 DEBUG [health_checker.client.database.mysql:17] execute sql : show variables like 'log_bin'
2020-05-06 09:17:44,789 INFO  [health_checker.server.worker.generic_worker:24] 开始对该MySQL的"CheckRedoLog"功能进行健康检查
2020-05-06 09:17:44,789 DEBUG [health_checker.client.database.mysql:17] execute sql : show variables like 'innodb_log_file_size'
2020-05-06 09:17:44,795 DEBUG [health_checker.client.database.mysql:17] execute sql : show variables like 'binlog_format'
2020-05-06 09:17:44,796 DEBUG [health_checker.client.database.mysql:17] execute sql : show variables like 'innodb_flush_log_at_trx_commit'
2020-05-06 09:17:44,801 DEBUG [health_checker.client.database.mysql:17] execute sql : show variables like 'innodb_flush_method'
2020-05-06 09:17:44,803 DEBUG [health_checker.client.database.mysql:17] execute sql : show variables like 'sync_binlog'
2020-05-06 09:17:44,806 DEBUG [health_checker.client.database.mysql:17] execute sql : show variables like 'datadir'
2020-05-06 09:17:44,808 DEBUG [health_checker.client.database.mysql:17] execute sql : show variables like 'expire_logs_days'
2020-05-06 09:17:44,811 DEBUG [health_checker.client.database.mysql:17] execute sql : show variables like 'datadir'
2020-05-06 09:17:44,819 INFO  [health_checker.server.worker.generic_worker:24] 开始对该MySQL的"CheckConnections"功能进行健康检查
2020-05-06 09:17:44,819 DEBUG [health_checker.client.database.mysql:17] execute sql : show master logs
2020-05-06 09:17:44,822 DEBUG [health_checker.client.database.mysql:17] execute sql : show variables like 'max_connections'
2020-05-06 09:17:44,823 INFO  [health_checker.client.client:25] do action CheckBinaryLogs successful
2020-05-06 09:17:44,825 INFO  [health_checker.server.worker.generic_worker:28] CheckBinaryLogs功能对该MySQL健康检查结束, 执行时间：0.0359997749329
2020-05-06 09:17:44,829 DEBUG [health_checker.client.database.mysql:17] execute sql : show variables like 'innodb_buffer_pool_size'
2020-05-06 09:17:44,835 INFO  [health_checker.client.client:25] do action CheckConnections successful
2020-05-06 09:17:44,835 INFO  [health_checker.server.worker.generic_worker:28] CheckConnections功能对该MySQL健康检查结束, 执行时间：0.0160000324249
2020-05-06 09:17:44,838 INFO  [health_checker.client.client:25] do action CheckRedoLog successful
2020-05-06 09:17:44,838 INFO  [health_checker.server.worker.generic_worker:35] 健康检查失败: CheckRedoLog, 失败原因是 : 'unicode' object is not callable
2020-05-06 09:17:44,839 INFO  [health_checker.server.worker.generic_worker:24] 开始对该MySQL的"CheckSafeReplication"功能进行健康检查
2020-05-06 09:17:44,841 DEBUG [health_checker.client.database.mysql:17] execute sql : show slave status
2020-05-06 09:17:44,842 DEBUG [health_checker.client.database.mysql:17] execute sql : show slave status
2020-05-06 09:17:44,842 INFO  [health_checker.client.client:25] do action CheckSafeReplication successful
2020-05-06 09:17:44,842 INFO  [health_checker.server.worker.generic_worker:28] CheckSafeReplication功能对该MySQL健康检查结束, 执行时间：0.00300002098083
